<?xml version="1.0" encoding="UTF-8"?>
<!-- Generated by org.testng.reporters.JUnitXMLReporter -->
<testsuite hostname="bittech-PC" tests="3" failures="2" timestamp="24 Jan 2015 22:49:00 GMT" time="7.5" errors="0">
  <testcase name="logIn" time="0.001" classname="SmokeTest">
    <failure type="java.lang.IllegalArgumentException" message="argument type mismatch">
      <![CDATA[java.lang.IllegalArgumentException: argument type mismatch
... Removed 34 stack frames]]>
    </failure>
  </testcase> <!-- logIn -->
  <testcase name="logIn" time="0.0" classname="SmokeTest">
    <failure type="java.lang.IllegalArgumentException" message="argument type mismatch">
      <![CDATA[java.lang.IllegalArgumentException: argument type mismatch
... Removed 34 stack frames]]>
    </failure>
  </testcase> <!-- logIn -->
  <testcase name="test" time="0.0" classname="SmokeTest"/>
</testsuite>
